# JRE version: OpenJDK Runtime Environment Corretto-17.0.16.8.1 (17.0.16+8) (build 17.0.16+8-LTS)
# Java VM: OpenJDK 64-Bit Server VM Corretto-17.0.16.8.1 (17.0.16+8-LTS, mixed mode, sharing, tiered, compressed oops, compressed class ptrs, g1 gc, windows-amd64)
GC Precious Log:
 CPUs: 20 total, 20 available
 Memory: 16068M
 Large Page Support: Disabled
 NUMA Support: Disabled
 Compressed Oops: Enabled (32-bit)
 Heap Region Size: 1M
 Heap Min Capacity: 8M
 Heap Initial Capacity: 252M
 Heap Max Capacity: 2G
 Pre-touch: Disabled
 Parallel Workers: 15
 Concurrent Workers: 4
 Concurrent Refinement Workers: 15
 Periodic GC: Disabled
Heap:
 garbage-first heap   total 220160K, used 164239K [0x0000000080000000, 0x0000000100000000)
  region size 1024K, 64 young (65536K), 6 survivors (6144K)
 Metaspace       used 90535K, committed 91392K, reserved 1179648K
  class space    used 12712K, committed 13120K, reserved 1048576K
GC Heap History (20 events):
Event: 9.503 GC heap before
{Heap before GC invocations=23 (full 0):
 garbage-first heap   total 116736K, used 55109K [0x0000000080000000, 0x0000000100000000)
  region size 1024K, 5 young (5120K), 3 survivors (3072K)
 Metaspace       used 56308K, committed 56960K, reserved 1114112K
  class space    used 7804K, committed 8128K, reserved 1048576K
}
Event: 9.505 GC heap after
{Heap after GC invocations=24 (full 0):
 garbage-first heap   total 116736K, used 52677K [0x0000000080000000, 0x0000000100000000)
  region size 1024K, 1 young (1024K), 1 survivors (1024K)
 Metaspace       used 56308K, committed 56960K, reserved 1114112K
  class space    used 7804K, committed 8128K, reserved 1048576K
}
Event: 9.622 GC heap before
{Heap before GC invocations=24 (full 0):
 garbage-first heap   total 116736K, used 89541K [0x0000000080000000, 0x0000000100000000)
  region size 1024K, 38 young (38912K), 1 survivors (1024K)
 Metaspace       used 56494K, committed 57216K, reserved 1114112K
  class space    used 7804K, committed 8128K, reserved 1048576K
}
Event: 9.625 GC heap after
{Heap after GC invocations=25 (full 0):
 garbage-first heap   total 116736K, used 55062K [0x0000000080000000, 0x0000000100000000)
  region size 1024K, 4 young (4096K), 4 survivors (4096K)
 Metaspace       used 56494K, committed 57216K, reserved 1114112K
  class space    used 7804K, committed 8128K, reserved 1048576K
}
Event: 9.735 GC heap before
{Heap before GC invocations=26 (full 0):
 garbage-first heap   total 116736K, used 89878K [0x0000000080000000, 0x0000000100000000)
  region size 1024K, 39 young (39936K), 4 survivors (4096K)
 Metaspace       used 56505K, committed 57216K, reserved 1114112K
  class space    used 7804K, committed 8128K, reserved 1048576K
}
Event: 9.738 GC heap after
{Heap after GC invocations=27 (full 0):
 garbage-first heap   total 116736K, used 55915K [0x0000000080000000, 0x0000000100000000)
  region size 1024K, 4 young (4096K), 4 survivors (4096K)
 Metaspace       used 56505K, committed 57216K, reserved 1114112K
  class space    used 7804K, committed 8128K, reserved 1048576K
}
Event: 9.740 GC heap before
{Heap before GC invocations=27 (full 0):
 garbage-first heap   total 116736K, used 56939K [0x0000000080000000, 0x0000000100000000)
  region size 1024K, 5 young (5120K), 4 survivors (4096K)
 Metaspace       used 56505K, committed 57216K, reserved 1114112K
  class space    used 7804K, committed 8128K, reserved 1048576K
}
Event: 9.743 GC heap after
{Heap after GC invocations=28 (full 0):
 garbage-first heap   total 220160K, used 54432K [0x0000000080000000, 0x0000000100000000)
  region size 1024K, 1 young (1024K), 1 survivors (1024K)
 Metaspace       used 56505K, committed 57216K, reserved 1114112K
  class space    used 7804K, committed 8128K, reserved 1048576K
}
Event: 11.601 GC heap before
{Heap before GC invocations=28 (full 0):
 garbage-first heap   total 220160K, used 184480K [0x0000000080000000, 0x0000000100000000)
  region size 1024K, 115 young (117760K), 1 survivors (1024K)
 Metaspace       used 60223K, committed 60928K, reserved 1114112K
  class space    used 8267K, committed 8576K, reserved 1048576K
}
Event: 11.605 GC heap after
{Heap after GC invocations=29 (full 0):
 garbage-first heap   total 220160K, used 79679K [0x0000000080000000, 0x0000000100000000)
  region size 1024K, 13 young (13312K), 13 survivors (13312K)
 Metaspace       used 60223K, committed 60928K, reserved 1114112K
  class space    used 8267K, committed 8576K, reserved 1048576K
}
Event: 12.952 GC heap before
{Heap before GC invocations=29 (full 0):
 garbage-first heap   total 220160K, used 173887K [0x0000000080000000, 0x0000000100000000)
  region size 1024K, 101 young (103424K), 13 survivors (13312K)
 Metaspace       used 66591K, committed 67264K, reserved 1114112K
  class space    used 9133K, committed 9472K, reserved 1048576K
}
Event: 12.958 GC heap after
{Heap after GC invocations=30 (full 0):
 garbage-first heap   total 220160K, used 87021K [0x0000000080000000, 0x0000000100000000)
  region size 1024K, 7 young (7168K), 7 survivors (7168K)
 Metaspace       used 66591K, committed 67264K, reserved 1114112K
  class space    used 9133K, committed 9472K, reserved 1048576K
}
Event: 14.451 GC heap before
{Heap before GC invocations=30 (full 0):
 garbage-first heap   total 220160K, used 170989K [0x0000000080000000, 0x0000000100000000)
  region size 1024K, 89 young (91136K), 7 survivors (7168K)
 Metaspace       used 73343K, committed 74176K, reserved 1114112K
  class space    used 10004K, committed 10432K, reserved 1048576K
}
Event: 14.455 GC heap after
{Heap after GC invocations=31 (full 0):
 garbage-first heap   total 220160K, used 90425K [0x0000000080000000, 0x0000000100000000)
  region size 1024K, 10 young (10240K), 10 survivors (10240K)
 Metaspace       used 73343K, committed 74176K, reserved 1114112K
  class space    used 10004K, committed 10432K, reserved 1048576K
}
Event: 16.010 GC heap before
{Heap before GC invocations=31 (full 0):
 garbage-first heap   total 220160K, used 177465K [0x0000000080000000, 0x0000000100000000)
  region size 1024K, 92 young (94208K), 10 survivors (10240K)
 Metaspace       used 76683K, committed 77440K, reserved 1179648K
  class space    used 10474K, committed 10880K, reserved 1048576K
}
Event: 16.017 GC heap after
{Heap after GC invocations=32 (full 0):
 garbage-first heap   total 220160K, used 99470K [0x0000000080000000, 0x0000000100000000)
  region size 1024K, 10 young (10240K), 10 survivors (10240K)
 Metaspace       used 76683K, committed 77440K, reserved 1179648K
  class space    used 10474K, committed 10880K, reserved 1048576K
}
Event: 16.739 GC heap before
{Heap before GC invocations=32 (full 0):
 garbage-first heap   total 220160K, used 176270K [0x0000000080000000, 0x0000000100000000)
  region size 1024K, 85 young (87040K), 10 survivors (10240K)
 Metaspace       used 82041K, committed 82816K, reserved 1179648K
  class space    used 11365K, committed 11776K, reserved 1048576K
}
Event: 16.743 GC heap after
{Heap after GC invocations=33 (full 0):
 garbage-first heap   total 220160K, used 102384K [0x0000000080000000, 0x0000000100000000)
  region size 1024K, 3 young (3072K), 3 survivors (3072K)
 Metaspace       used 82041K, committed 82816K, reserved 1179648K
  class space    used 11365K, committed 11776K, reserved 1048576K
}
Event: 17.324 GC heap before
{Heap before GC invocations=33 (full 0):
 garbage-first heap   total 220160K, used 179184K [0x0000000080000000, 0x0000000100000000)
  region size 1024K, 78 young (79872K), 3 survivors (3072K)
 Metaspace       used 87041K, committed 87808K, reserved 1179648K
  class space    used 12104K, committed 12480K, reserved 1048576K
}
Event: 17.327 GC heap after
{Heap after GC invocations=34 (full 0):
 garbage-first heap   total 220160K, used 104847K [0x0000000080000000, 0x0000000100000000)
  region size 1024K, 6 young (6144K), 6 survivors (6144K)
 Metaspace       used 87041K, committed 87808K, reserved 1179648K
  class space    used 12104K, committed 12480K, reserved 1048576K
}

