# JRE version: OpenJDK Runtime Environment Temurin-21.0.9+10 (21.0.9+10) (build 21.0.9+10-LTS)
# Java VM: OpenJDK 64-Bit Server VM Temurin-21.0.9+10 (21.0.9+10-LTS, mixed mode, sharing, tiered, compressed oops, compressed class ptrs, parallel gc, windows-amd64)
GC Precious Log:
 CardTable entry size: 512
 CPUs: 20 total, 20 available
 Memory: 16068M
 Large Page Support: Disabled
 NUMA Support: Disabled
 Compressed Oops: Enabled (32-bit)
 Alignments: Space 512K, Generation 512K, Heap 2M
 Heap Min Capacity: 100M
 Heap Initial Capacity: 100M
 Heap Max Capacity: 2G
 Pre-touch: Disabled
 Parallel Workers: 15
Heap:
 PSYoungGen      total 5120K, used 1515K [0x00000000d5580000, 0x00000000d6180000, 0x0000000100000000)
  eden space 4608K, 30% used [0x00000000d5580000,0x00000000d56e2c98,0x00000000d5a00000)
  from space 512K, 18% used [0x00000000d6080000,0x00000000d6098000,0x00000000d6100000)
  to   space 512K, 0% used [0x00000000d6100000,0x00000000d6100000,0x00000000d6180000)
 ParOldGen       total 87040K, used 86806K [0x0000000080000000, 0x0000000085500000, 0x00000000d5580000)
  object space 87040K, 99% used [0x0000000080000000,0x00000000854c5ac0,0x0000000085500000)
 Metaspace       used 67380K, committed 68864K, reserved 1114112K
  class space    used 8340K, committed 9088K, reserved 1048576K
GC Heap History (20 events):
Event: 10.384 GC heap before
{Heap before GC invocations=111 (full 3):
 PSYoungGen      total 5120K, used 4736K [0x00000000d5580000, 0x00000000d6180000, 0x0000000100000000)
  eden space 4608K, 100% used [0x00000000d5580000,0x00000000d5a00000,0x00000000d5a00000)
  from space 512K, 25% used [0x00000000d6080000,0x00000000d60a0000,0x00000000d6100000)
  to   space 512K, 0% used [0x00000000d6100000,0x00000000d6100000,0x00000000d6180000)
 ParOldGen       total 86528K, used 86518K [0x0000000080000000, 0x0000000085480000, 0x00000000d5580000)
  object space 86528K, 99% used [0x0000000080000000,0x000000008547dac0,0x0000000085480000)
 Metaspace       used 67323K, committed 68800K, reserved 1114112K
  class space    used 8330K, committed 9024K, reserved 1048576K
}
Event: 10.386 GC heap after
{Heap after GC invocations=111 (full 3):
 PSYoungGen      total 5120K, used 160K [0x00000000d5580000, 0x00000000d6180000, 0x0000000100000000)
  eden space 4608K, 0% used [0x00000000d5580000,0x00000000d5580000,0x00000000d5a00000)
  from space 512K, 31% used [0x00000000d6100000,0x00000000d6128000,0x00000000d6180000)
  to   space 512K, 0% used [0x00000000d6080000,0x00000000d6080000,0x00000000d6100000)
 ParOldGen       total 87040K, used 86542K [0x0000000080000000, 0x0000000085500000, 0x00000000d5580000)
  object space 87040K, 99% used [0x0000000080000000,0x0000000085483ac0,0x0000000085500000)
 Metaspace       used 67323K, committed 68800K, reserved 1114112K
  class space    used 8330K, committed 9024K, reserved 1048576K
}
Event: 10.473 GC heap before
{Heap before GC invocations=112 (full 3):
 PSYoungGen      total 5120K, used 4768K [0x00000000d5580000, 0x00000000d6180000, 0x0000000100000000)
  eden space 4608K, 100% used [0x00000000d5580000,0x00000000d5a00000,0x00000000d5a00000)
  from space 512K, 31% used [0x00000000d6100000,0x00000000d6128000,0x00000000d6180000)
  to   space 512K, 0% used [0x00000000d6080000,0x00000000d6080000,0x00000000d6100000)
 ParOldGen       total 87040K, used 86542K [0x0000000080000000, 0x0000000085500000, 0x00000000d5580000)
  object space 87040K, 99% used [0x0000000080000000,0x0000000085483ac0,0x0000000085500000)
 Metaspace       used 67359K, committed 68800K, reserved 1114112K
  class space    used 8336K, committed 9024K, reserved 1048576K
}
Event: 10.474 GC heap after
{Heap after GC invocations=112 (full 3):
 PSYoungGen      total 5120K, used 320K [0x00000000d5580000, 0x00000000d6180000, 0x0000000100000000)
  eden space 4608K, 0% used [0x00000000d5580000,0x00000000d5580000,0x00000000d5a00000)
  from space 512K, 62% used [0x00000000d6080000,0x00000000d60d0000,0x00000000d6100000)
  to   space 512K, 0% used [0x00000000d6100000,0x00000000d6100000,0x00000000d6180000)
 ParOldGen       total 87040K, used 86542K [0x0000000080000000, 0x0000000085500000, 0x00000000d5580000)
  object space 87040K, 99% used [0x0000000080000000,0x0000000085483ac0,0x0000000085500000)
 Metaspace       used 67359K, committed 68800K, reserved 1114112K
  class space    used 8336K, committed 9024K, reserved 1048576K
}
Event: 10.564 GC heap before
{Heap before GC invocations=113 (full 3):
 PSYoungGen      total 5120K, used 4928K [0x00000000d5580000, 0x00000000d6180000, 0x0000000100000000)
  eden space 4608K, 100% used [0x00000000d5580000,0x00000000d5a00000,0x00000000d5a00000)
  from space 512K, 62% used [0x00000000d6080000,0x00000000d60d0000,0x00000000d6100000)
  to   space 512K, 0% used [0x00000000d6100000,0x00000000d6100000,0x00000000d6180000)
 ParOldGen       total 87040K, used 86542K [0x0000000080000000, 0x0000000085500000, 0x00000000d5580000)
  object space 87040K, 99% used [0x0000000080000000,0x0000000085483ac0,0x0000000085500000)
 Metaspace       used 67359K, committed 68800K, reserved 1114112K
  class space    used 8336K, committed 9024K, reserved 1048576K
}
Event: 10.565 GC heap after
{Heap after GC invocations=113 (full 3):
 PSYoungGen      total 5120K, used 256K [0x00000000d5580000, 0x00000000d6180000, 0x0000000100000000)
  eden space 4608K, 0% used [0x00000000d5580000,0x00000000d5580000,0x00000000d5a00000)
  from space 512K, 50% used [0x00000000d6100000,0x00000000d6140000,0x00000000d6180000)
  to   space 512K, 0% used [0x00000000d6080000,0x00000000d6080000,0x00000000d6100000)
 ParOldGen       total 87040K, used 86638K [0x0000000080000000, 0x0000000085500000, 0x00000000d5580000)
  object space 87040K, 99% used [0x0000000080000000,0x000000008549bac0,0x0000000085500000)
 Metaspace       used 67359K, committed 68800K, reserved 1114112K
  class space    used 8336K, committed 9024K, reserved 1048576K
}
Event: 10.587 GC heap before
{Heap before GC invocations=114 (full 3):
 PSYoungGen      total 5120K, used 4864K [0x00000000d5580000, 0x00000000d6180000, 0x0000000100000000)
  eden space 4608K, 100% used [0x00000000d5580000,0x00000000d5a00000,0x00000000d5a00000)
  from space 512K, 50% used [0x00000000d6100000,0x00000000d6140000,0x00000000d6180000)
  to   space 512K, 0% used [0x00000000d6080000,0x00000000d6080000,0x00000000d6100000)
 ParOldGen       total 87040K, used 86638K [0x0000000080000000, 0x0000000085500000, 0x00000000d5580000)
  object space 87040K, 99% used [0x0000000080000000,0x000000008549bac0,0x0000000085500000)
 Metaspace       used 67359K, committed 68800K, reserved 1114112K
  class space    used 8336K, committed 9024K, reserved 1048576K
}
Event: 10.588 GC heap after
{Heap after GC invocations=114 (full 3):
 PSYoungGen      total 5120K, used 224K [0x00000000d5580000, 0x00000000d6180000, 0x0000000100000000)
  eden space 4608K, 0% used [0x00000000d5580000,0x00000000d5580000,0x00000000d5a00000)
  from space 512K, 43% used [0x00000000d6080000,0x00000000d60b8000,0x00000000d6100000)
  to   space 512K, 0% used [0x00000000d6100000,0x00000000d6100000,0x00000000d6180000)
 ParOldGen       total 87040K, used 86662K [0x0000000080000000, 0x0000000085500000, 0x00000000d5580000)
  object space 87040K, 99% used [0x0000000080000000,0x00000000854a1ac0,0x0000000085500000)
 Metaspace       used 67359K, committed 68800K, reserved 1114112K
  class space    used 8336K, committed 9024K, reserved 1048576K
}
Event: 10.671 GC heap before
{Heap before GC invocations=115 (full 3):
 PSYoungGen      total 5120K, used 4832K [0x00000000d5580000, 0x00000000d6180000, 0x0000000100000000)
  eden space 4608K, 100% used [0x00000000d5580000,0x00000000d5a00000,0x00000000d5a00000)
  from space 512K, 43% used [0x00000000d6080000,0x00000000d60b8000,0x00000000d6100000)
  to   space 512K, 0% used [0x00000000d6100000,0x00000000d6100000,0x00000000d6180000)
 ParOldGen       total 87040K, used 86662K [0x0000000080000000, 0x0000000085500000, 0x00000000d5580000)
  object space 87040K, 99% used [0x0000000080000000,0x00000000854a1ac0,0x0000000085500000)
 Metaspace       used 67359K, committed 68800K, reserved 1114112K
  class space    used 8336K, committed 9024K, reserved 1048576K
}
Event: 10.672 GC heap after
{Heap after GC invocations=115 (full 3):
 PSYoungGen      total 5120K, used 192K [0x00000000d5580000, 0x00000000d6180000, 0x0000000100000000)
  eden space 4608K, 0% used [0x00000000d5580000,0x00000000d5580000,0x00000000d5a00000)
  from space 512K, 37% used [0x00000000d6100000,0x00000000d6130000,0x00000000d6180000)
  to   space 512K, 0% used [0x00000000d6080000,0x00000000d6080000,0x00000000d6100000)
 ParOldGen       total 87040K, used 86662K [0x0000000080000000, 0x0000000085500000, 0x00000000d5580000)
  object space 87040K, 99% used [0x0000000080000000,0x00000000854a1ac0,0x0000000085500000)
 Metaspace       used 67359K, committed 68800K, reserved 1114112K
  class space    used 8336K, committed 9024K, reserved 1048576K
}
Event: 10.716 GC heap before
{Heap before GC invocations=116 (full 3):
 PSYoungGen      total 5120K, used 4800K [0x00000000d5580000, 0x00000000d6180000, 0x0000000100000000)
  eden space 4608K, 100% used [0x00000000d5580000,0x00000000d5a00000,0x00000000d5a00000)
  from space 512K, 37% used [0x00000000d6100000,0x00000000d6130000,0x00000000d6180000)
  to   space 512K, 0% used [0x00000000d6080000,0x00000000d6080000,0x00000000d6100000)
 ParOldGen       total 87040K, used 86662K [0x0000000080000000, 0x0000000085500000, 0x00000000d5580000)
  object space 87040K, 99% used [0x0000000080000000,0x00000000854a1ac0,0x0000000085500000)
 Metaspace       used 67359K, committed 68800K, reserved 1114112K
  class space    used 8336K, committed 9024K, reserved 1048576K
}
Event: 10.718 GC heap after
{Heap after GC invocations=116 (full 3):
 PSYoungGen      total 5120K, used 224K [0x00000000d5580000, 0x00000000d6180000, 0x0000000100000000)
  eden space 4608K, 0% used [0x00000000d5580000,0x00000000d5580000,0x00000000d5a00000)
  from space 512K, 43% used [0x00000000d6080000,0x00000000d60b8000,0x00000000d6100000)
  to   space 512K, 0% used [0x00000000d6100000,0x00000000d6100000,0x00000000d6180000)
 ParOldGen       total 87040K, used 86702K [0x0000000080000000, 0x0000000085500000, 0x00000000d5580000)
  object space 87040K, 99% used [0x0000000080000000,0x00000000854abac0,0x0000000085500000)
 Metaspace       used 67359K, committed 68800K, reserved 1114112K
  class space    used 8336K, committed 9024K, reserved 1048576K
}
Event: 10.741 GC heap before
{Heap before GC invocations=117 (full 3):
 PSYoungGen      total 5120K, used 4832K [0x00000000d5580000, 0x00000000d6180000, 0x0000000100000000)
  eden space 4608K, 100% used [0x00000000d5580000,0x00000000d5a00000,0x00000000d5a00000)
  from space 512K, 43% used [0x00000000d6080000,0x00000000d60b8000,0x00000000d6100000)
  to   space 512K, 0% used [0x00000000d6100000,0x00000000d6100000,0x00000000d6180000)
 ParOldGen       total 87040K, used 86702K [0x0000000080000000, 0x0000000085500000, 0x00000000d5580000)
  object space 87040K, 99% used [0x0000000080000000,0x00000000854abac0,0x0000000085500000)
 Metaspace       used 67359K, committed 68800K, reserved 1114112K
  class space    used 8336K, committed 9024K, reserved 1048576K
}
Event: 10.742 GC heap after
{Heap after GC invocations=117 (full 3):
 PSYoungGen      total 5120K, used 160K [0x00000000d5580000, 0x00000000d6180000, 0x0000000100000000)
  eden space 4608K, 0% used [0x00000000d5580000,0x00000000d5580000,0x00000000d5a00000)
  from space 512K, 31% used [0x00000000d6100000,0x00000000d6128000,0x00000000d6180000)
  to   space 512K, 0% used [0x00000000d6080000,0x00000000d6080000,0x00000000d6100000)
 ParOldGen       total 87040K, used 86726K [0x0000000080000000, 0x0000000085500000, 0x00000000d5580000)
  object space 87040K, 99% used [0x0000000080000000,0x00000000854b1ac0,0x0000000085500000)
 Metaspace       used 67359K, committed 68800K, reserved 1114112K
  class space    used 8336K, committed 9024K, reserved 1048576K
}
Event: 10.818 GC heap before
{Heap before GC invocations=118 (full 3):
 PSYoungGen      total 5120K, used 4768K [0x00000000d5580000, 0x00000000d6180000, 0x0000000100000000)
  eden space 4608K, 100% used [0x00000000d5580000,0x00000000d5a00000,0x00000000d5a00000)
  from space 512K, 31% used [0x00000000d6100000,0x00000000d6128000,0x00000000d6180000)
  to   space 512K, 0% used [0x00000000d6080000,0x00000000d6080000,0x00000000d6100000)
 ParOldGen       total 87040K, used 86726K [0x0000000080000000, 0x0000000085500000, 0x00000000d5580000)
  object space 87040K, 99% used [0x0000000080000000,0x00000000854b1ac0,0x0000000085500000)
 Metaspace       used 67359K, committed 68800K, reserved 1114112K
  class space    used 8336K, committed 9024K, reserved 1048576K
}
Event: 10.819 GC heap after
{Heap after GC invocations=118 (full 3):
 PSYoungGen      total 5120K, used 128K [0x00000000d5580000, 0x00000000d6180000, 0x0000000100000000)
  eden space 4608K, 0% used [0x00000000d5580000,0x00000000d5580000,0x00000000d5a00000)
  from space 512K, 25% used [0x00000000d6080000,0x00000000d60a0000,0x00000000d6100000)
  to   space 512K, 0% used [0x00000000d6100000,0x00000000d6100000,0x00000000d6180000)
 ParOldGen       total 87040K, used 86734K [0x0000000080000000, 0x0000000085500000, 0x00000000d5580000)
  object space 87040K, 99% used [0x0000000080000000,0x00000000854b3ac0,0x0000000085500000)
 Metaspace       used 67359K, committed 68800K, reserved 1114112K
  class space    used 8336K, committed 9024K, reserved 1048576K
}
Event: 10.910 GC heap before
{Heap before GC invocations=119 (full 3):
 PSYoungGen      total 5120K, used 4736K [0x00000000d5580000, 0x00000000d6180000, 0x0000000100000000)
  eden space 4608K, 100% used [0x00000000d5580000,0x00000000d5a00000,0x00000000d5a00000)
  from space 512K, 25% used [0x00000000d6080000,0x00000000d60a0000,0x00000000d6100000)
  to   space 512K, 0% used [0x00000000d6100000,0x00000000d6100000,0x00000000d6180000)
 ParOldGen       total 87040K, used 86734K [0x0000000080000000, 0x0000000085500000, 0x00000000d5580000)
  object space 87040K, 99% used [0x0000000080000000,0x00000000854b3ac0,0x0000000085500000)
 Metaspace       used 67359K, committed 68800K, reserved 1114112K
  class space    used 8336K, committed 9024K, reserved 1048576K
}
Event: 10.911 GC heap after
{Heap after GC invocations=119 (full 3):
 PSYoungGen      total 5120K, used 160K [0x00000000d5580000, 0x00000000d6180000, 0x0000000100000000)
  eden space 4608K, 0% used [0x00000000d5580000,0x00000000d5580000,0x00000000d5a00000)
  from space 512K, 31% used [0x00000000d6100000,0x00000000d6128000,0x00000000d6180000)
  to   space 512K, 0% used [0x00000000d6080000,0x00000000d6080000,0x00000000d6100000)
 ParOldGen       total 87040K, used 86806K [0x0000000080000000, 0x0000000085500000, 0x00000000d5580000)
  object space 87040K, 99% used [0x0000000080000000,0x00000000854c5ac0,0x0000000085500000)
 Metaspace       used 67359K, committed 68800K, reserved 1114112K
  class space    used 8336K, committed 9024K, reserved 1048576K
}
Event: 10.932 GC heap before
{Heap before GC invocations=120 (full 3):
 PSYoungGen      total 5120K, used 4768K [0x00000000d5580000, 0x00000000d6180000, 0x0000000100000000)
  eden space 4608K, 100% used [0x00000000d5580000,0x00000000d5a00000,0x00000000d5a00000)
  from space 512K, 31% used [0x00000000d6100000,0x00000000d6128000,0x00000000d6180000)
  to   space 512K, 0% used [0x00000000d6080000,0x00000000d6080000,0x00000000d6100000)
 ParOldGen       total 87040K, used 86806K [0x0000000080000000, 0x0000000085500000, 0x00000000d5580000)
  object space 87040K, 99% used [0x0000000080000000,0x00000000854c5ac0,0x0000000085500000)
 Metaspace       used 67359K, committed 68800K, reserved 1114112K
  class space    used 8336K, committed 9024K, reserved 1048576K
}
Event: 10.933 GC heap after
{Heap after GC invocations=120 (full 3):
 PSYoungGen      total 5120K, used 96K [0x00000000d5580000, 0x00000000d6180000, 0x0000000100000000)
  eden space 4608K, 0% used [0x00000000d5580000,0x00000000d5580000,0x00000000d5a00000)
  from space 512K, 18% used [0x00000000d6080000,0x00000000d6098000,0x00000000d6100000)
  to   space 512K, 0% used [0x00000000d6100000,0x00000000d6100000,0x00000000d6180000)
 ParOldGen       total 87040K, used 86806K [0x0000000080000000, 0x0000000085500000, 0x00000000d5580000)
  object space 87040K, 99% used [0x0000000080000000,0x00000000854c5ac0,0x0000000085500000)
 Metaspace       used 67359K, committed 68800K, reserved 1114112K
  class space    used 8336K, committed 9024K, reserved 1048576K
}

