# JRE version: OpenJDK Runtime Environment Temurin-21.0.9+10 (21.0.9+10) (build 21.0.9+10-LTS)
# Java VM: OpenJDK 64-Bit Server VM Temurin-21.0.9+10 (21.0.9+10-LTS, mixed mode, sharing, tiered, compressed oops, compressed class ptrs, parallel gc, windows-amd64)
GC Precious Log:
 CardTable entry size: 512
 CPUs: 20 total, 20 available
 Memory: 16068M
 Large Page Support: Disabled
 NUMA Support: Disabled
 Compressed Oops: Enabled (32-bit)
 Alignments: Space 512K, Generation 512K, Heap 2M
 Heap Min Capacity: 100M
 Heap Initial Capacity: 100M
 Heap Max Capacity: 2G
 Pre-touch: Disabled
 Parallel Workers: 15
Heap:
 PSYoungGen      total 3072K, used 2007K [0x00000000d5580000, 0x00000000d5980000, 0x0000000100000000)
  eden space 2560K, 62% used [0x00000000d5580000,0x00000000d570dff8,0x00000000d5800000)
  from space 512K, 81% used [0x00000000d5900000,0x00000000d5968000,0x00000000d5980000)
  to   space 512K, 0% used [0x00000000d5880000,0x00000000d5880000,0x00000000d5900000)
 ParOldGen       total 236032K, used 228861K [0x0000000080000000, 0x000000008e680000, 0x00000000d5580000)
  object space 236032K, 96% used [0x0000000080000000,0x000000008df7f540,0x000000008e680000)
 Metaspace       used 93039K, committed 94784K, reserved 1179648K
  class space    used 11136K, committed 11904K, reserved 1048576K
GC Heap History (20 events):
Event: 594.913 GC heap before
{Heap before GC invocations=755 (full 4):
 PSYoungGen      total 3072K, used 3008K [0x00000000d5580000, 0x00000000d5980000, 0x0000000100000000)
  eden space 2560K, 100% used [0x00000000d5580000,0x00000000d5800000,0x00000000d5800000)
  from space 512K, 87% used [0x00000000d5900000,0x00000000d5970000,0x00000000d5980000)
  to   space 512K, 0% used [0x00000000d5880000,0x00000000d5880000,0x00000000d5900000)
 ParOldGen       total 236032K, used 227835K [0x0000000080000000, 0x000000008e680000, 0x00000000d5580000)
  object space 236032K, 96% used [0x0000000080000000,0x000000008de7ecf8,0x000000008e680000)
 Metaspace       used 92717K, committed 94464K, reserved 1179648K
  class space    used 11102K, committed 11840K, reserved 1048576K
}
Event: 594.914 GC heap after
{Heap after GC invocations=755 (full 4):
 PSYoungGen      total 3072K, used 416K [0x00000000d5580000, 0x00000000d5980000, 0x0000000100000000)
  eden space 2560K, 0% used [0x00000000d5580000,0x00000000d5580000,0x00000000d5800000)
  from space 512K, 81% used [0x00000000d5880000,0x00000000d58e8000,0x00000000d5900000)
  to   space 512K, 0% used [0x00000000d5900000,0x00000000d5900000,0x00000000d5980000)
 ParOldGen       total 236032K, used 227939K [0x0000000080000000, 0x000000008e680000, 0x00000000d5580000)
  object space 236032K, 96% used [0x0000000080000000,0x000000008de98cf8,0x000000008e680000)
 Metaspace       used 92717K, committed 94464K, reserved 1179648K
  class space    used 11102K, committed 11840K, reserved 1048576K
}
Event: 601.472 GC heap before
{Heap before GC invocations=756 (full 4):
 PSYoungGen      total 3072K, used 2976K [0x00000000d5580000, 0x00000000d5980000, 0x0000000100000000)
  eden space 2560K, 100% used [0x00000000d5580000,0x00000000d5800000,0x00000000d5800000)
  from space 512K, 81% used [0x00000000d5880000,0x00000000d58e8000,0x00000000d5900000)
  to   space 512K, 0% used [0x00000000d5900000,0x00000000d5900000,0x00000000d5980000)
 ParOldGen       total 236032K, used 227939K [0x0000000080000000, 0x000000008e680000, 0x00000000d5580000)
  object space 236032K, 96% used [0x0000000080000000,0x000000008de98cf8,0x000000008e680000)
 Metaspace       used 92916K, committed 94720K, reserved 1179648K
  class space    used 11124K, committed 11904K, reserved 1048576K
}
Event: 601.473 GC heap after
{Heap after GC invocations=756 (full 4):
 PSYoungGen      total 3072K, used 448K [0x00000000d5580000, 0x00000000d5980000, 0x0000000100000000)
  eden space 2560K, 0% used [0x00000000d5580000,0x00000000d5580000,0x00000000d5800000)
  from space 512K, 87% used [0x00000000d5900000,0x00000000d5970000,0x00000000d5980000)
  to   space 512K, 0% used [0x00000000d5880000,0x00000000d5880000,0x00000000d5900000)
 ParOldGen       total 236032K, used 228051K [0x0000000080000000, 0x000000008e680000, 0x00000000d5580000)
  object space 236032K, 96% used [0x0000000080000000,0x000000008deb4cf8,0x000000008e680000)
 Metaspace       used 92916K, committed 94720K, reserved 1179648K
  class space    used 11124K, committed 11904K, reserved 1048576K
}
Event: 601.703 GC heap before
{Heap before GC invocations=757 (full 4):
 PSYoungGen      total 3072K, used 3001K [0x00000000d5580000, 0x00000000d5980000, 0x0000000100000000)
  eden space 2560K, 99% used [0x00000000d5580000,0x00000000d57fe490,0x00000000d5800000)
  from space 512K, 87% used [0x00000000d5900000,0x00000000d5970000,0x00000000d5980000)
  to   space 512K, 0% used [0x00000000d5880000,0x00000000d5880000,0x00000000d5900000)
 ParOldGen       total 236032K, used 228051K [0x0000000080000000, 0x000000008e680000, 0x00000000d5580000)
  object space 236032K, 96% used [0x0000000080000000,0x000000008deb4cf8,0x000000008e680000)
 Metaspace       used 92943K, committed 94720K, reserved 1179648K
  class space    used 11126K, committed 11904K, reserved 1048576K
}
Event: 601.705 GC heap after
{Heap after GC invocations=757 (full 4):
 PSYoungGen      total 3072K, used 384K [0x00000000d5580000, 0x00000000d5980000, 0x0000000100000000)
  eden space 2560K, 0% used [0x00000000d5580000,0x00000000d5580000,0x00000000d5800000)
  from space 512K, 75% used [0x00000000d5880000,0x00000000d58e0000,0x00000000d5900000)
  to   space 512K, 0% used [0x00000000d5900000,0x00000000d5900000,0x00000000d5980000)
 ParOldGen       total 236032K, used 228157K [0x0000000080000000, 0x000000008e680000, 0x00000000d5580000)
  object space 236032K, 96% used [0x0000000080000000,0x000000008decf540,0x000000008e680000)
 Metaspace       used 92943K, committed 94720K, reserved 1179648K
  class space    used 11126K, committed 11904K, reserved 1048576K
}
Event: 601.798 GC heap before
{Heap before GC invocations=758 (full 4):
 PSYoungGen      total 3072K, used 2943K [0x00000000d5580000, 0x00000000d5980000, 0x0000000100000000)
  eden space 2560K, 99% used [0x00000000d5580000,0x00000000d57ffeb8,0x00000000d5800000)
  from space 512K, 75% used [0x00000000d5880000,0x00000000d58e0000,0x00000000d5900000)
  to   space 512K, 0% used [0x00000000d5900000,0x00000000d5900000,0x00000000d5980000)
 ParOldGen       total 236032K, used 228157K [0x0000000080000000, 0x000000008e680000, 0x00000000d5580000)
  object space 236032K, 96% used [0x0000000080000000,0x000000008decf540,0x000000008e680000)
 Metaspace       used 92943K, committed 94720K, reserved 1179648K
  class space    used 11126K, committed 11904K, reserved 1048576K
}
Event: 601.799 GC heap after
{Heap after GC invocations=758 (full 4):
 PSYoungGen      total 3072K, used 384K [0x00000000d5580000, 0x00000000d5980000, 0x0000000100000000)
  eden space 2560K, 0% used [0x00000000d5580000,0x00000000d5580000,0x00000000d5800000)
  from space 512K, 75% used [0x00000000d5900000,0x00000000d5960000,0x00000000d5980000)
  to   space 512K, 0% used [0x00000000d5880000,0x00000000d5880000,0x00000000d5900000)
 ParOldGen       total 236032K, used 228333K [0x0000000080000000, 0x000000008e680000, 0x00000000d5580000)
  object space 236032K, 96% used [0x0000000080000000,0x000000008defb540,0x000000008e680000)
 Metaspace       used 92943K, committed 94720K, reserved 1179648K
  class space    used 11126K, committed 11904K, reserved 1048576K
}
Event: 603.002 GC heap before
{Heap before GC invocations=759 (full 4):
 PSYoungGen      total 3072K, used 2944K [0x00000000d5580000, 0x00000000d5980000, 0x0000000100000000)
  eden space 2560K, 100% used [0x00000000d5580000,0x00000000d5800000,0x00000000d5800000)
  from space 512K, 75% used [0x00000000d5900000,0x00000000d5960000,0x00000000d5980000)
  to   space 512K, 0% used [0x00000000d5880000,0x00000000d5880000,0x00000000d5900000)
 ParOldGen       total 236032K, used 228333K [0x0000000080000000, 0x000000008e680000, 0x00000000d5580000)
  object space 236032K, 96% used [0x0000000080000000,0x000000008defb540,0x000000008e680000)
 Metaspace       used 92986K, committed 94784K, reserved 1179648K
  class space    used 11136K, committed 11904K, reserved 1048576K
}
Event: 603.002 GC heap after
{Heap after GC invocations=759 (full 4):
 PSYoungGen      total 3072K, used 480K [0x00000000d5580000, 0x00000000d5980000, 0x0000000100000000)
  eden space 2560K, 0% used [0x00000000d5580000,0x00000000d5580000,0x00000000d5800000)
  from space 512K, 93% used [0x00000000d5880000,0x00000000d58f8000,0x00000000d5900000)
  to   space 512K, 0% used [0x00000000d5900000,0x00000000d5900000,0x00000000d5980000)
 ParOldGen       total 236032K, used 228437K [0x0000000080000000, 0x000000008e680000, 0x00000000d5580000)
  object space 236032K, 96% used [0x0000000080000000,0x000000008df15540,0x000000008e680000)
 Metaspace       used 92986K, committed 94784K, reserved 1179648K
  class space    used 11136K, committed 11904K, reserved 1048576K
}
Event: 603.049 GC heap before
{Heap before GC invocations=760 (full 4):
 PSYoungGen      total 3072K, used 3040K [0x00000000d5580000, 0x00000000d5980000, 0x0000000100000000)
  eden space 2560K, 100% used [0x00000000d5580000,0x00000000d5800000,0x00000000d5800000)
  from space 512K, 93% used [0x00000000d5880000,0x00000000d58f8000,0x00000000d5900000)
  to   space 512K, 0% used [0x00000000d5900000,0x00000000d5900000,0x00000000d5980000)
 ParOldGen       total 236032K, used 228437K [0x0000000080000000, 0x000000008e680000, 0x00000000d5580000)
  object space 236032K, 96% used [0x0000000080000000,0x000000008df15540,0x000000008e680000)
 Metaspace       used 93001K, committed 94784K, reserved 1179648K
  class space    used 11136K, committed 11904K, reserved 1048576K
}
Event: 603.050 GC heap after
{Heap after GC invocations=760 (full 4):
 PSYoungGen      total 3072K, used 448K [0x00000000d5580000, 0x00000000d5980000, 0x0000000100000000)
  eden space 2560K, 0% used [0x00000000d5580000,0x00000000d5580000,0x00000000d5800000)
  from space 512K, 87% used [0x00000000d5900000,0x00000000d5970000,0x00000000d5980000)
  to   space 512K, 0% used [0x00000000d5880000,0x00000000d5880000,0x00000000d5900000)
 ParOldGen       total 236032K, used 228533K [0x0000000080000000, 0x000000008e680000, 0x00000000d5580000)
  object space 236032K, 96% used [0x0000000080000000,0x000000008df2d540,0x000000008e680000)
 Metaspace       used 93001K, committed 94784K, reserved 1179648K
  class space    used 11136K, committed 11904K, reserved 1048576K
}
Event: 603.143 GC heap before
{Heap before GC invocations=761 (full 4):
 PSYoungGen      total 3072K, used 3008K [0x00000000d5580000, 0x00000000d5980000, 0x0000000100000000)
  eden space 2560K, 100% used [0x00000000d5580000,0x00000000d5800000,0x00000000d5800000)
  from space 512K, 87% used [0x00000000d5900000,0x00000000d5970000,0x00000000d5980000)
  to   space 512K, 0% used [0x00000000d5880000,0x00000000d5880000,0x00000000d5900000)
 ParOldGen       total 236032K, used 228533K [0x0000000080000000, 0x000000008e680000, 0x00000000d5580000)
  object space 236032K, 96% used [0x0000000080000000,0x000000008df2d540,0x000000008e680000)
 Metaspace       used 93008K, committed 94784K, reserved 1179648K
  class space    used 11136K, committed 11904K, reserved 1048576K
}
Event: 603.145 GC heap after
{Heap after GC invocations=761 (full 4):
 PSYoungGen      total 3072K, used 416K [0x00000000d5580000, 0x00000000d5980000, 0x0000000100000000)
  eden space 2560K, 0% used [0x00000000d5580000,0x00000000d5580000,0x00000000d5800000)
  from space 512K, 81% used [0x00000000d5880000,0x00000000d58e8000,0x00000000d5900000)
  to   space 512K, 0% used [0x00000000d5900000,0x00000000d5900000,0x00000000d5980000)
 ParOldGen       total 236032K, used 228629K [0x0000000080000000, 0x000000008e680000, 0x00000000d5580000)
  object space 236032K, 96% used [0x0000000080000000,0x000000008df45540,0x000000008e680000)
 Metaspace       used 93008K, committed 94784K, reserved 1179648K
  class space    used 11136K, committed 11904K, reserved 1048576K
}
Event: 603.268 GC heap before
{Heap before GC invocations=762 (full 4):
 PSYoungGen      total 3072K, used 2976K [0x00000000d5580000, 0x00000000d5980000, 0x0000000100000000)
  eden space 2560K, 100% used [0x00000000d5580000,0x00000000d5800000,0x00000000d5800000)
  from space 512K, 81% used [0x00000000d5880000,0x00000000d58e8000,0x00000000d5900000)
  to   space 512K, 0% used [0x00000000d5900000,0x00000000d5900000,0x00000000d5980000)
 ParOldGen       total 236032K, used 228629K [0x0000000080000000, 0x000000008e680000, 0x00000000d5580000)
  object space 236032K, 96% used [0x0000000080000000,0x000000008df45540,0x000000008e680000)
 Metaspace       used 93008K, committed 94784K, reserved 1179648K
  class space    used 11136K, committed 11904K, reserved 1048576K
}
Event: 603.269 GC heap after
{Heap after GC invocations=762 (full 4):
 PSYoungGen      total 3072K, used 480K [0x00000000d5580000, 0x00000000d5980000, 0x0000000100000000)
  eden space 2560K, 0% used [0x00000000d5580000,0x00000000d5580000,0x00000000d5800000)
  from space 512K, 93% used [0x00000000d5900000,0x00000000d5978000,0x00000000d5980000)
  to   space 512K, 0% used [0x00000000d5880000,0x00000000d5880000,0x00000000d5900000)
 ParOldGen       total 236032K, used 228749K [0x0000000080000000, 0x000000008e680000, 0x00000000d5580000)
  object space 236032K, 96% used [0x0000000080000000,0x000000008df63540,0x000000008e680000)
 Metaspace       used 93008K, committed 94784K, reserved 1179648K
  class space    used 11136K, committed 11904K, reserved 1048576K
}
Event: 603.367 GC heap before
{Heap before GC invocations=763 (full 4):
 PSYoungGen      total 3072K, used 3040K [0x00000000d5580000, 0x00000000d5980000, 0x0000000100000000)
  eden space 2560K, 100% used [0x00000000d5580000,0x00000000d5800000,0x00000000d5800000)
  from space 512K, 93% used [0x00000000d5900000,0x00000000d5978000,0x00000000d5980000)
  to   space 512K, 0% used [0x00000000d5880000,0x00000000d5880000,0x00000000d5900000)
 ParOldGen       total 236032K, used 228749K [0x0000000080000000, 0x000000008e680000, 0x00000000d5580000)
  object space 236032K, 96% used [0x0000000080000000,0x000000008df63540,0x000000008e680000)
 Metaspace       used 93008K, committed 94784K, reserved 1179648K
  class space    used 11136K, committed 11904K, reserved 1048576K
}
Event: 603.367 GC heap after
{Heap after GC invocations=763 (full 4):
 PSYoungGen      total 3072K, used 448K [0x00000000d5580000, 0x00000000d5980000, 0x0000000100000000)
  eden space 2560K, 0% used [0x00000000d5580000,0x00000000d5580000,0x00000000d5800000)
  from space 512K, 87% used [0x00000000d5880000,0x00000000d58f0000,0x00000000d5900000)
  to   space 512K, 0% used [0x00000000d5900000,0x00000000d5900000,0x00000000d5980000)
 ParOldGen       total 236032K, used 228845K [0x0000000080000000, 0x000000008e680000, 0x00000000d5580000)
  object space 236032K, 96% used [0x0000000080000000,0x000000008df7b540,0x000000008e680000)
 Metaspace       used 93008K, committed 94784K, reserved 1179648K
  class space    used 11136K, committed 11904K, reserved 1048576K
}
Event: 603.420 GC heap before
{Heap before GC invocations=764 (full 4):
 PSYoungGen      total 3072K, used 3007K [0x00000000d5580000, 0x00000000d5980000, 0x0000000100000000)
  eden space 2560K, 99% used [0x00000000d5580000,0x00000000d57fffd0,0x00000000d5800000)
  from space 512K, 87% used [0x00000000d5880000,0x00000000d58f0000,0x00000000d5900000)
  to   space 512K, 0% used [0x00000000d5900000,0x00000000d5900000,0x00000000d5980000)
 ParOldGen       total 236032K, used 228845K [0x0000000080000000, 0x000000008e680000, 0x00000000d5580000)
  object space 236032K, 96% used [0x0000000080000000,0x000000008df7b540,0x000000008e680000)
 Metaspace       used 93009K, committed 94784K, reserved 1179648K
  class space    used 11136K, committed 11904K, reserved 1048576K
}
Event: 603.421 GC heap after
{Heap after GC invocations=764 (full 4):
 PSYoungGen      total 3072K, used 416K [0x00000000d5580000, 0x00000000d5980000, 0x0000000100000000)
  eden space 2560K, 0% used [0x00000000d5580000,0x00000000d5580000,0x00000000d5800000)
  from space 512K, 81% used [0x00000000d5900000,0x00000000d5968000,0x00000000d5980000)
  to   space 512K, 0% used [0x00000000d5880000,0x00000000d5880000,0x00000000d5900000)
 ParOldGen       total 236032K, used 228861K [0x0000000080000000, 0x000000008e680000, 0x00000000d5580000)
  object space 236032K, 96% used [0x0000000080000000,0x000000008df7f540,0x000000008e680000)
 Metaspace       used 93009K, committed 94784K, reserved 1179648K
  class space    used 11136K, committed 11904K, reserved 1048576K
}

