# JRE version: OpenJDK Runtime Environment Corretto-17.0.16.8.1 (17.0.16+8) (build 17.0.16+8-LTS)
# Java VM: OpenJDK 64-Bit Server VM Corretto-17.0.16.8.1 (17.0.16+8-LTS, mixed mode, sharing, tiered, compressed oops, compressed class ptrs, g1 gc, windows-amd64)
GC Precious Log:
 CPUs: 20 total, 20 available
 Memory: 16068M
 Large Page Support: Disabled
 NUMA Support: Disabled
 Compressed Oops: Enabled (32-bit)
 Heap Region Size: 1M
 Heap Min Capacity: 256M
 Heap Initial Capacity: 256M
 Heap Max Capacity: 512M
 Pre-touch: Disabled
 Parallel Workers: 15
 Concurrent Workers: 4
 Concurrent Refinement Workers: 15
 Periodic GC: Disabled
Heap:
 garbage-first heap   total 262144K, used 149034K [0x00000000e0000000, 0x0000000100000000)
  region size 1024K, 81 young (82944K), 16 survivors (16384K)
 Metaspace       used 71600K, committed 72384K, reserved 393216K
  class space    used 9902K, committed 10240K, reserved 327680K
GC Heap History (20 events):
Event: 3.458 GC heap before
{Heap before GC invocations=2 (full 0):
 garbage-first heap   total 262144K, used 164816K [0x00000000e0000000, 0x0000000100000000)
  region size 1024K, 153 young (156672K), 5 survivors (5120K)
 Metaspace       used 19899K, committed 20224K, reserved 393216K
  class space    used 2889K, committed 3008K, reserved 327680K
}
Event: 3.470 GC heap after
{Heap after GC invocations=3 (full 0):
 garbage-first heap   total 262144K, used 22853K [0x00000000e0000000, 0x0000000100000000)
  region size 1024K, 16 young (16384K), 16 survivors (16384K)
 Metaspace       used 19899K, committed 20224K, reserved 393216K
  class space    used 2889K, committed 3008K, reserved 327680K
}
Event: 3.696 GC heap before
{Heap before GC invocations=3 (full 0):
 garbage-first heap   total 262144K, used 36165K [0x00000000e0000000, 0x0000000100000000)
  region size 1024K, 30 young (30720K), 16 survivors (16384K)
 Metaspace       used 21189K, committed 21504K, reserved 393216K
  class space    used 3073K, committed 3200K, reserved 327680K
}
Event: 3.704 GC heap after
{Heap after GC invocations=4 (full 0):
 garbage-first heap   total 262144K, used 25314K [0x00000000e0000000, 0x0000000100000000)
  region size 1024K, 2 young (2048K), 2 survivors (2048K)
 Metaspace       used 21189K, committed 21504K, reserved 393216K
  class space    used 3073K, committed 3200K, reserved 327680K
}
Event: 7.441 GC heap before
{Heap before GC invocations=5 (full 0):
 garbage-first heap   total 262144K, used 167650K [0x00000000e0000000, 0x0000000100000000)
  region size 1024K, 143 young (146432K), 2 survivors (2048K)
 Metaspace       used 35619K, committed 35968K, reserved 393216K
  class space    used 5088K, committed 5248K, reserved 327680K
}
Event: 7.449 GC heap after
{Heap after GC invocations=6 (full 0):
 garbage-first heap   total 262144K, used 33384K [0x00000000e0000000, 0x0000000100000000)
  region size 1024K, 10 young (10240K), 10 survivors (10240K)
 Metaspace       used 35619K, committed 35968K, reserved 393216K
  class space    used 5088K, committed 5248K, reserved 327680K
}
Event: 8.547 GC heap before
{Heap before GC invocations=7 (full 0):
 garbage-first heap   total 262144K, used 184936K [0x00000000e0000000, 0x0000000100000000)
  region size 1024K, 153 young (156672K), 10 survivors (10240K)
 Metaspace       used 42265K, committed 42688K, reserved 393216K
  class space    used 5803K, committed 6016K, reserved 327680K
}
Event: 8.557 GC heap after
{Heap after GC invocations=8 (full 0):
 garbage-first heap   total 262144K, used 43265K [0x00000000e0000000, 0x0000000100000000)
  region size 1024K, 20 young (20480K), 20 survivors (20480K)
 Metaspace       used 42265K, committed 42688K, reserved 393216K
  class space    used 5803K, committed 6016K, reserved 327680K
}
Event: 8.559 GC heap before
{Heap before GC invocations=8 (full 0):
 garbage-first heap   total 262144K, used 44289K [0x00000000e0000000, 0x0000000100000000)
  region size 1024K, 21 young (21504K), 20 survivors (20480K)
 Metaspace       used 42265K, committed 42688K, reserved 393216K
  class space    used 5803K, committed 6016K, reserved 327680K
}
Event: 8.569 GC heap after
{Heap after GC invocations=9 (full 0):
 garbage-first heap   total 262144K, used 44184K [0x00000000e0000000, 0x0000000100000000)
  region size 1024K, 3 young (3072K), 3 survivors (3072K)
 Metaspace       used 42265K, committed 42688K, reserved 393216K
  class space    used 5803K, committed 6016K, reserved 327680K
}
Event: 10.473 GC heap before
{Heap before GC invocations=9 (full 0):
 garbage-first heap   total 262144K, used 199832K [0x00000000e0000000, 0x0000000100000000)
  region size 1024K, 153 young (156672K), 3 survivors (3072K)
 Metaspace       used 50908K, committed 51456K, reserved 393216K
  class space    used 6999K, committed 7296K, reserved 327680K
}
Event: 10.480 GC heap after
{Heap after GC invocations=10 (full 0):
 garbage-first heap   total 262144K, used 51056K [0x00000000e0000000, 0x0000000100000000)
  region size 1024K, 10 young (10240K), 10 survivors (10240K)
 Metaspace       used 50908K, committed 51456K, reserved 393216K
  class space    used 6999K, committed 7296K, reserved 327680K
}
Event: 12.549 GC heap before
{Heap before GC invocations=10 (full 0):
 garbage-first heap   total 262144K, used 158576K [0x00000000e0000000, 0x0000000100000000)
  region size 1024K, 117 young (119808K), 10 survivors (10240K)
 Metaspace       used 59583K, committed 60160K, reserved 393216K
  class space    used 8397K, committed 8704K, reserved 327680K
}
Event: 12.556 GC heap after
{Heap after GC invocations=11 (full 0):
 garbage-first heap   total 262144K, used 55658K [0x00000000e0000000, 0x0000000100000000)
  region size 1024K, 14 young (14336K), 14 survivors (14336K)
 Metaspace       used 59583K, committed 60160K, reserved 393216K
  class space    used 8397K, committed 8704K, reserved 327680K
}
Event: 14.492 GC heap before
{Heap before GC invocations=12 (full 0):
 garbage-first heap   total 262144K, used 197993K [0x00000000e0000000, 0x0000000100000000)
  region size 1024K, 153 young (156672K), 14 survivors (14336K)
 Metaspace       used 64747K, committed 65408K, reserved 393216K
  class space    used 8952K, committed 9280K, reserved 327680K
}
Event: 14.504 GC heap after
{Heap after GC invocations=13 (full 0):
 garbage-first heap   total 262144K, used 68302K [0x00000000e0000000, 0x0000000100000000)
  region size 1024K, 19 young (19456K), 19 survivors (19456K)
 Metaspace       used 64747K, committed 65408K, reserved 393216K
  class space    used 8952K, committed 9280K, reserved 327680K
}
Event: 15.701 GC heap before
{Heap before GC invocations=13 (full 0):
 garbage-first heap   total 262144K, used 204494K [0x00000000e0000000, 0x0000000100000000)
  region size 1024K, 152 young (155648K), 19 survivors (19456K)
 Metaspace       used 65604K, committed 66304K, reserved 393216K
  class space    used 8957K, committed 9280K, reserved 327680K
}
Event: 15.713 GC heap after
{Heap after GC invocations=14 (full 0):
 garbage-first heap   total 262144K, used 77371K [0x00000000e0000000, 0x0000000100000000)
  region size 1024K, 10 young (10240K), 10 survivors (10240K)
 Metaspace       used 65604K, committed 66304K, reserved 393216K
  class space    used 8957K, committed 9280K, reserved 327680K
}
Event: 17.331 GC heap before
{Heap before GC invocations=14 (full 0):
 garbage-first heap   total 262144K, used 207419K [0x00000000e0000000, 0x0000000100000000)
  region size 1024K, 137 young (140288K), 10 survivors (10240K)
 Metaspace       used 69355K, committed 70080K, reserved 393216K
  class space    used 9542K, committed 9856K, reserved 327680K
}
Event: 17.337 GC heap after
{Heap after GC invocations=15 (full 0):
 garbage-first heap   total 262144K, used 83498K [0x00000000e0000000, 0x0000000100000000)
  region size 1024K, 16 young (16384K), 16 survivors (16384K)
 Metaspace       used 69355K, committed 70080K, reserved 393216K
  class space    used 9542K, committed 9856K, reserved 327680K
}

